<?xml version="1.0" encoding="UTF-8"?>
<testsuite name="com.example.estateAgency.EstateAgencyApplicationTests" tests="1" skipped="0" failures="0" errors="0" timestamp="2023-06-13T10:24:35" hostname="DESKTOP-BOAL0CM" time="0.338">
  <properties/>
  <testcase name="contextLoads()" classname="com.example.estateAgency.EstateAgencyApplicationTests" time="0.338"/>
  <system-out><![CDATA[13:24:07.944 [Test worker] DEBUG org.springframework.boot.test.context.SpringBootTestContextBootstrapper -- Neither @ContextConfiguration nor @ContextHierarchy found for test class [EstateAgencyApplicationTests]: using SpringBootContextLoader
13:24:07.957 [Test worker] DEBUG org.springframework.test.context.support.AbstractContextLoader -- Could not detect default resource locations for test class [com.example.estateAgency.EstateAgencyApplicationTests]: no resource found for suffixes {-context.xml, Context.groovy}.
13:24:07.971 [Test worker] INFO org.springframework.test.context.support.AnnotationConfigContextLoaderUtils -- Could not detect default configuration classes for test class [com.example.estateAgency.EstateAgencyApplicationTests]: EstateAgencyApplicationTests does not declare any static, non-private, non-final, nested classes annotated with @Configuration.
13:24:08.568 [Test worker] DEBUG org.springframework.boot.test.context.SpringBootTestContextBootstrapper -- Using ContextCustomizers for test class [EstateAgencyApplicationTests]: [DisableObservabilityContextCustomizer, PropertyMappingContextCustomizer, Customizer, ExcludeFilterContextCustomizer, DuplicateJsonObjectContextCustomizer, MockitoContextCustomizer, TestRestTemplateContextCustomizer]
13:24:10.645 [Test worker] DEBUG org.springframework.context.annotation.ClassPathScanningCandidateComponentProvider -- Identified candidate component class: file [C:\Users\Gorch\Desktop\estateAgency\build\classes\java\main\com\example\estateAgency\EstateAgencyApplication.class]
13:24:10.672 [Test worker] INFO org.springframework.boot.test.context.SpringBootTestContextBootstrapper -- Found @SpringBootConfiguration com.example.estateAgency.EstateAgencyApplication for test class com.example.estateAgency.EstateAgencyApplicationTests
13:24:15.048 [Test worker] DEBUG org.springframework.boot.test.context.SpringBootTestContextBootstrapper -- Using TestExecutionListeners for test class [EstateAgencyApplicationTests]: [ServletTestExecutionListener, DirtiesContextBeforeModesTestExecutionListener, ApplicationEventsTestExecutionListener, MockitoTestExecutionListener, DependencyInjectionTestExecutionListener, DirtiesContextTestExecutionListener, TransactionalTestExecutionListener, SqlScriptsTestExecutionListener, EventPublishingTestExecutionListener, RestDocsTestExecutionListener, MockRestServiceServerResetTestExecutionListener, MockMvcPrintOnlyOnFailureTestExecutionListener, WebDriverTestExecutionListener, MockWebServiceServerTestExecutionListener, ResetMocksTestExecutionListener]
13:24:15.057 [Test worker] DEBUG org.springframework.test.context.support.AbstractDirtiesContextTestExecutionListener -- Before test class: class [EstateAgencyApplicationTests], class annotated with @DirtiesContext [false] with mode [null]

  .   ____          _            __ _ _
 /\\ / ___'_ __ _ _(_)_ __  __ _ \ \ \ \
( ( )\___ | '_ | '_| | '_ \/ _` | \ \ \ \
 \\/  ___)| |_)| | | | | || (_| |  ) ) ) )
  '  |____| .__|_| |_|_| |_\__, | / / / /
 =========|_|==============|___/=/_/_/_/
 :: Spring Boot ::                (v3.0.6)

2023-06-13T13:24:15.943+03:00  INFO 6652 --- [    Test worker] c.e.e.EstateAgencyApplicationTests       : Starting EstateAgencyApplicationTests using Java 19.0.1 with PID 6652 (started by Gorch in C:\Users\Gorch\Desktop\estateAgency)
2023-06-13T13:24:15.946+03:00  INFO 6652 --- [    Test worker] c.e.e.EstateAgencyApplicationTests       : No active profile set, falling back to 1 default profile: "default"
2023-06-13T13:24:20.608+03:00  INFO 6652 --- [    Test worker] .s.d.r.c.RepositoryConfigurationDelegate : Bootstrapping Spring Data JPA repositories in DEFAULT mode.
2023-06-13T13:24:21.578+03:00  INFO 6652 --- [    Test worker] .s.d.r.c.RepositoryConfigurationDelegate : Finished Spring Data repository scanning in 855 ms. Found 1 JPA repository interfaces.
2023-06-13T13:24:25.176+03:00  INFO 6652 --- [    Test worker] com.zaxxer.hikari.HikariDataSource       : HikariPool-1 - Starting...
2023-06-13T13:24:25.621+03:00  INFO 6652 --- [    Test worker] com.zaxxer.hikari.pool.HikariPool        : HikariPool-1 - Added connection org.postgresql.jdbc.PgConnection@7da635c0
2023-06-13T13:24:25.626+03:00  INFO 6652 --- [    Test worker] com.zaxxer.hikari.HikariDataSource       : HikariPool-1 - Start completed.
2023-06-13T13:24:25.728+03:00  INFO 6652 --- [    Test worker] o.hibernate.jpa.internal.util.LogHelper  : HHH000204: Processing PersistenceUnitInfo [name: default]
2023-06-13T13:24:25.881+03:00  INFO 6652 --- [    Test worker] org.hibernate.Version                    : HHH000412: Hibernate ORM core version 6.1.7.Final
2023-06-13T13:24:26.912+03:00  INFO 6652 --- [    Test worker] SQL dialect                              : HHH000400: Using dialect: org.hibernate.dialect.PostgreSQLDialect
2023-06-13T13:24:30.049+03:00  INFO 6652 --- [    Test worker] o.h.e.t.j.p.i.JtaPlatformInitiator       : HHH000490: Using JtaPlatform implementation: [org.hibernate.engine.transaction.jta.platform.internal.NoJtaPlatform]
2023-06-13T13:24:30.153+03:00  INFO 6652 --- [    Test worker] j.LocalContainerEntityManagerFactoryBean : Initialized JPA EntityManagerFactory for persistence unit 'default'
2023-06-13T13:24:34.955+03:00  WARN 6652 --- [    Test worker] JpaBaseConfiguration$JpaWebConfiguration : spring.jpa.open-in-view is enabled by default. Therefore, database queries may be performed during view rendering. Explicitly configure spring.jpa.open-in-view to disable this warning
2023-06-13T13:24:35.581+03:00  INFO 6652 --- [    Test worker] c.e.e.EstateAgencyApplicationTests       : Started EstateAgencyApplicationTests in 20.401 seconds (process running for 32.06)
]]></system-out>
  <system-err><![CDATA[]]></system-err>
</testsuite>
